c:\users\pierre\documents\granger\dialogbox\dialogbox1811\debug\dialogbox1811.pch
c:\users\pierre\documents\granger\dialogbox\dialogbox1811\debug\vc142.pdb
c:\users\pierre\documents\granger\dialogbox\dialogbox1811\debug\vc142.idb
c:\users\pierre\documents\granger\dialogbox\dialogbox1811\debug\pch.obj
c:\users\pierre\documents\granger\dialogbox\dialogbox1811\debug\mainfrm.obj
c:\users\pierre\documents\granger\dialogbox\dialogbox1811\debug\dialogbox1811view.obj
c:\users\pierre\documents\granger\dialogbox\dialogbox1811\debug\dialogbox1811doc.obj
c:\users\pierre\documents\granger\dialogbox\dialogbox1811\debug\dialogbox1811.obj
c:\users\pierre\documents\granger\dialogbox\dialogbox1811\debug\coptions.obj
c:\users\pierre\documents\granger\dialogbox\dialogbox1811\debug\dialogbox1811.exe
c:\users\pierre\documents\granger\dialogbox\dialogbox1811\debug\dialogbox1811.ilk
c:\users\pierre\documents\granger\dialogbox\dialogbox1811\debug\dialogbox1811.pdb
c:\users\pierre\documents\granger\dialogbox\dialogbox1811\debug\dialogbox1811.res
c:\users\pierre\documents\granger\dialogbox\dialogbox1811\debug\dialogbox1811.tlog\cl.command.1.tlog
c:\users\pierre\documents\granger\dialogbox\dialogbox1811\debug\dialogbox1811.tlog\cl.read.1.tlog
c:\users\pierre\documents\granger\dialogbox\dialogbox1811\debug\dialogbox1811.tlog\cl.write.1.tlog
c:\users\pierre\documents\granger\dialogbox\dialogbox1811\debug\dialogbox1811.tlog\link.command.1.tlog
c:\users\pierre\documents\granger\dialogbox\dialogbox1811\debug\dialogbox1811.tlog\link.read.1.tlog
c:\users\pierre\documents\granger\dialogbox\dialogbox1811\debug\dialogbox1811.tlog\link.write.1.tlog
c:\users\pierre\documents\granger\dialogbox\dialogbox1811\debug\dialogbox1811.tlog\rc.command.1.tlog
c:\users\pierre\documents\granger\dialogbox\dialogbox1811\debug\dialogbox1811.tlog\rc.read.1.tlog
c:\users\pierre\documents\granger\dialogbox\dialogbox1811\debug\dialogbox1811.tlog\rc.write.1.tlog
